<?xml version="1.0" encoding="UTF-8"?>
<!-- Generated by org.testng.reporters.JUnitXMLReporter -->
<testsuite ignored="1" hostname="IN-PF28325E" failures="0" tests="1" name="Default test" time="0.056" errors="0" timestamp="2021-08-21T11:07:08 IST">
  <testcase classname="qaclickacadmy.Mavenjava.AppiumTest" name="IOSApps" time="0.008"/>
  <testcase classname="qaclickacadmy.Mavenjava.AppiumTest" name="NativeAppAndroid" time="0.0">
    <ignored/>
  </testcase> <!-- NativeAppAndroid -->
</testsuite> <!-- Default test -->
