<?xml version="1.0" encoding="UTF-8"?>
<!-- Generated by org.testng.reporters.JUnitXMLReporter -->
<testsuite hostname="IN-PF28325E" ignored="0" name="Test" tests="6" failures="0" timestamp="2021-08-21T20:28:48 IST" time="0.068" errors="0">
  <testcase name="BrowserAutomation" time="0.006" classname="qaclickacadmy.Mavenjava.SeleniumTest"/>
  <testcase name="elementsUi" time="0.0" classname="qaclickacadmy.Mavenjava.SeleniumTest"/>
  <testcase name="IOSApps" time="0.0" classname="qaclickacadmy.Mavenjava.AppiumTest"/>
  <testcase name="NativeAppAndroid" time="0.0" classname="qaclickacadmy.Mavenjava.AppiumTest"/>
  <testcase name="deleteTwitter" time="0.0" classname="qaclickacadmy.Mavenjava.RESTAPITest"/>
  <testcase name="postJira" time="0.004" classname="qaclickacadmy.Mavenjava.RESTAPITest"/>
</testsuite> <!-- Test -->
