<?xml version="1.0" encoding="UTF-8"?>
<testsuite xmlns:xsi="http://www.w3.org/2001/XMLSchema-instance" xsi:noNamespaceSchemaLocation="https://maven.apache.org/surefire/maven-surefire-plugin/xsd/surefire-test-report-3.0.xsd" version="3.0" name="TestSuite" time="1.479" tests="6" errors="0" skipped="0" failures="0">
  <properties>
[...]
</properties>
  <testcase name="BrowserAutomation" classname="qaclickacadmy.Mavenjava.SeleniumTest" time="0.009">
    <system-out><![CDATA[BrowserAutomation
]]></system-out>
  </testcase>
  <testcase name="elementsUi" classname="qaclickacadmy.Mavenjava.SeleniumTest" time="0">
    <system-out><![CDATA[elementUi
]]></system-out>
  </testcase>
  <testcase name="IOSApps" classname="qaclickacadmy.Mavenjava.AppiumTest" time="0">
    <system-out><![CDATA[IOSApps
]]></system-out>
  </testcase>
  <testcase name="NativeAppAndroid" classname="qaclickacadmy.Mavenjava.AppiumTest" time="0">
    <system-out><![CDATA[NativeAppAndroid
]]></system-out>
  </testcase>
  <testcase name="deleteTwitter" classname="qaclickacadmy.Mavenjava.RESTAPITest" time="0.001">
    <system-out><![CDATA[deleteTwitter
]]></system-out>
  </testcase>
  <testcase name="postJira" classname="qaclickacadmy.Mavenjava.RESTAPITest" time="0.004">
    <system-out><![CDATA[postJira
]]></system-out>
  </testcase>
</testsuite>