<?xml version="1.0" encoding="UTF-8"?>
<testng-results skipped="0" failed="0" ignored="0" total="6" passed="6">
  <reporter-output>
  </reporter-output>
  <suite name="Suite" duration-ms="68" started-at="2021-08-21T20:28:48 IST" finished-at="2021-08-21T20:28:48 IST">
    <groups>
    </groups>
    <test name="Test" duration-ms="68" started-at="2021-08-21T20:28:48 IST" finished-at="2021-08-21T20:28:48 IST">
      <class name="qaclickacadmy.Mavenjava.SeleniumTest">
        <test-method status="PASS" signature="BrowserAutomation()[pri:0, instance:qaclickacadmy.Mavenjava.SeleniumTest@34c4973]" name="BrowserAutomation" duration-ms="6" started-at="2021-08-21T20:28:48 IST" finished-at="2021-08-21T20:28:48 IST">
          <reporter-output>
          </reporter-output>
        </test-method> <!-- BrowserAutomation -->
        <test-method status="PASS" signature="elementsUi()[pri:0, instance:qaclickacadmy.Mavenjava.SeleniumTest@34c4973]" name="elementsUi" duration-ms="0" started-at="2021-08-21T20:28:48 IST" finished-at="2021-08-21T20:28:48 IST">
          <reporter-output>
          </reporter-output>
        </test-method> <!-- elementsUi -->
      </class> <!-- qaclickacadmy.Mavenjava.SeleniumTest -->
      <class name="qaclickacadmy.Mavenjava.AppiumTest">
        <test-method status="PASS" signature="IOSApps()[pri:0, instance:qaclickacadmy.Mavenjava.AppiumTest@2a556333]" name="IOSApps" duration-ms="0" started-at="2021-08-21T20:28:48 IST" finished-at="2021-08-21T20:28:48 IST">
          <reporter-output>
          </reporter-output>
        </test-method> <!-- IOSApps -->
        <test-method status="PASS" signature="NativeAppAndroid()[pri:0, instance:qaclickacadmy.Mavenjava.AppiumTest@2a556333]" name="NativeAppAndroid" duration-ms="0" started-at="2021-08-21T20:28:48 IST" finished-at="2021-08-21T20:28:48 IST">
          <reporter-output>
          </reporter-output>
        </test-method> <!-- NativeAppAndroid -->
      </class> <!-- qaclickacadmy.Mavenjava.AppiumTest -->
      <class name="qaclickacadmy.Mavenjava.RESTAPITest">
        <test-method status="PASS" signature="deleteTwitter()[pri:0, instance:qaclickacadmy.Mavenjava.RESTAPITest@7d70d1b1]" name="deleteTwitter" duration-ms="0" started-at="2021-08-21T20:28:48 IST" finished-at="2021-08-21T20:28:48 IST">
          <reporter-output>
          </reporter-output>
        </test-method> <!-- deleteTwitter -->
        <test-method status="PASS" signature="postJira()[pri:0, instance:qaclickacadmy.Mavenjava.RESTAPITest@7d70d1b1]" name="postJira" duration-ms="4" started-at="2021-08-21T20:28:48 IST" finished-at="2021-08-21T20:28:48 IST">
          <reporter-output>
          </reporter-output>
        </test-method> <!-- postJira -->
      </class> <!-- qaclickacadmy.Mavenjava.RESTAPITest -->
    </test> <!-- Test -->
  </suite> <!-- Suite -->
</testng-results>
