<?xml version="1.0" encoding="UTF-8"?>
<testng-results ignored="1" total="2" passed="1" failed="0" skipped="0">
  <reporter-output>
  </reporter-output>
  <suite started-at="2021-08-21T11:07:08 IST" name="Default suite" finished-at="2021-08-21T11:07:08 IST" duration-ms="56">
    <groups>
    </groups>
    <test started-at="2021-08-21T11:07:08 IST" name="Default test" finished-at="2021-08-21T11:07:08 IST" duration-ms="56">
      <class name="qaclickacadmy.Mavenjava.AppiumTest">
        <test-method signature="IOSApps()[pri:0, instance:qaclickacadmy.Mavenjava.AppiumTest@1af2d44a]" started-at="2021-08-21T11:07:08 IST" name="IOSApps" finished-at="2021-08-21T11:07:08 IST" duration-ms="8" status="PASS">
          <reporter-output>
          </reporter-output>
        </test-method> <!-- IOSApps -->
      </class> <!-- qaclickacadmy.Mavenjava.AppiumTest -->
    </test> <!-- Default test -->
  </suite> <!-- Default suite -->
</testng-results>
